# JRE version: OpenJDK Runtime Environment (8.0_242-b01) (build 1.8.0_242-release-1644-b01)
# Java VM: OpenJDK 64-Bit Server VM (25.242-b01 mixed mode windows-amd64 compressed oops)
Heap:
 PSYoungGen      total 57344K, used 8010K [0x0000000780a00000, 0x0000000785980000, 0x00000007c0000000)
  eden space 49152K, 16% used [0x0000000780a00000,0x00000007811d2828,0x0000000783a00000)
  from space 8192K, 0% used [0x0000000783a00000,0x0000000783a00000,0x0000000784200000)
  to   space 8192K, 0% used [0x0000000784200000,0x0000000784200000,0x0000000784a00000)
 ParOldGen       total 91136K, used 7155K [0x0000000701e00000, 0x0000000707700000, 0x0000000780a00000)
  object space 91136K, 7% used [0x0000000701e00000,0x00000007024fcce8,0x0000000707700000)
 Metaspace       used 21826K, capacity 22332K, committed 22528K, reserved 1073152K
  class space    used 2578K, capacity 2730K, committed 2816K, reserved 1048576K
GC Heap History (10 events):
Event: 0.666 GC heap before
{Heap before GC invocations=1 (full 0):
 PSYoungGen      total 57344K, used 29315K [0x0000000780a00000, 0x0000000784a00000, 0x00000007c0000000)
  eden space 49152K, 59% used [0x0000000780a00000,0x00000007826a0db8,0x0000000783a00000)
  from space 8192K, 0% used [0x0000000784200000,0x0000000784200000,0x0000000784a00000)
  to   space 8192K, 0% used [0x0000000783a00000,0x0000000783a00000,0x0000000784200000)
 ParOldGen       total 131072K, used 0K [0x0000000701e00000, 0x0000000709e00000, 0x0000000780a00000)
  object space 131072K, 0% used [0x0000000701e00000,0x0000000701e00000,0x0000000709e00000)
 Metaspace       used 9615K, capacity 9740K, committed 9856K, reserved 1062912K
  class space    used 1001K, capacity 1084K, committed 1152K, reserved 1048576K
Event: 0.672 GC heap after
Heap after GC invocations=1 (full 0):
 PSYoungGen      total 57344K, used 6537K [0x0000000780a00000, 0x0000000784a00000, 0x00000007c0000000)
  eden space 49152K, 0% used [0x0000000780a00000,0x0000000780a00000,0x0000000783a00000)
  from space 8192K, 79% used [0x0000000783a00000,0x00000007840625a0,0x0000000784200000)
  to   space 8192K, 0% used [0x0000000784200000,0x0000000784200000,0x0000000784a00000)
 ParOldGen       total 131072K, used 16K [0x0000000701e00000, 0x0000000709e00000, 0x0000000780a00000)
  object space 131072K, 0% used [0x0000000701e00000,0x0000000701e04000,0x0000000709e00000)
 Metaspace       used 9615K, capacity 9740K, committed 9856K, reserved 1062912K
  class space    used 1001K, capacity 1084K, committed 1152K, reserved 1048576K
}
Event: 0.672 GC heap before
{Heap before GC invocations=2 (full 1):
 PSYoungGen      total 57344K, used 6537K [0x0000000780a00000, 0x0000000784a00000, 0x00000007c0000000)
  eden space 49152K, 0% used [0x0000000780a00000,0x0000000780a00000,0x0000000783a00000)
  from space 8192K, 79% used [0x0000000783a00000,0x00000007840625a0,0x0000000784200000)
  to   space 8192K, 0% used [0x0000000784200000,0x0000000784200000,0x0000000784a00000)
 ParOldGen       total 131072K, used 16K [0x0000000701e00000, 0x0000000709e00000, 0x0000000780a00000)
  object space 131072K, 0% used [0x0000000701e00000,0x0000000701e04000,0x0000000709e00000)
 Metaspace       used 9615K, capacity 9740K, committed 9856K, reserved 1062912K
  class space    used 1001K, capacity 1084K, committed 1152K, reserved 1048576K
Event: 0.688 GC heap after
Heap after GC invocations=2 (full 1):
 PSYoungGen      total 57344K, used 0K [0x0000000780a00000, 0x0000000784a00000, 0x00000007c0000000)
  eden space 49152K, 0% used [0x0000000780a00000,0x0000000780a00000,0x0000000783a00000)
  from space 8192K, 0% used [0x0000000783a00000,0x0000000783a00000,0x0000000784200000)
  to   space 8192K, 0% used [0x0000000784200000,0x0000000784200000,0x0000000784a00000)
 ParOldGen       total 91136K, used 6119K [0x0000000701e00000, 0x0000000707700000, 0x0000000780a00000)
  object space 91136K, 6% used [0x0000000701e00000,0x00000007023f9fe8,0x0000000707700000)
 Metaspace       used 9615K, capacity 9740K, committed 9856K, reserved 1060864K
  class space    used 1001K, capacity 1084K, committed 1152K, reserved 1048576K
}
Event: 1.566 GC heap before
{Heap before GC invocations=3 (full 1):
 PSYoungGen      total 57344K, used 49152K [0x0000000780a00000, 0x0000000784a00000, 0x00000007c0000000)
  eden space 49152K, 100% used [0x0000000780a00000,0x0000000783a00000,0x0000000783a00000)
  from space 8192K, 0% used [0x0000000783a00000,0x0000000783a00000,0x0000000784200000)
  to   space 8192K, 0% used [0x0000000784200000,0x0000000784200000,0x0000000784a00000)
 ParOldGen       total 91136K, used 6119K [0x0000000701e00000, 0x0000000707700000, 0x0000000780a00000)
  object space 91136K, 6% used [0x0000000701e00000,0x00000007023f9fe8,0x0000000707700000)
 Metaspace       used 18972K, capacity 19300K, committed 19584K, reserved 1069056K
  class space    used 2200K, capacity 2324K, committed 2432K, reserved 1048576K
Event: 1.577 GC heap after
Heap after GC invocations=3 (full 1):
 PSYoungGen      total 57344K, used 8186K [0x0000000780a00000, 0x0000000785980000, 0x00000007c0000000)
  eden space 49152K, 0% used [0x0000000780a00000,0x0000000780a00000,0x0000000783a00000)
  from space 8192K, 99% used [0x0000000784200000,0x00000007849fea98,0x0000000784a00000)
  to   space 8192K, 0% used [0x0000000783a00000,0x0000000783a00000,0x0000000784200000)
 ParOldGen       total 91136K, used 9831K [0x0000000701e00000, 0x0000000707700000, 0x0000000780a00000)
  object space 91136K, 10% used [0x0000000701e00000,0x0000000702799de0,0x0000000707700000)
 Metaspace       used 18972K, capacity 19300K, committed 19584K, reserved 1069056K
  class space    used 2200K, capacity 2324K, committed 2432K, reserved 1048576K
}
Event: 1.711 GC heap before
{Heap before GC invocations=4 (full 1):
 PSYoungGen      total 57344K, used 16197K [0x0000000780a00000, 0x0000000785980000, 0x00000007c0000000)
  eden space 49152K, 16% used [0x0000000780a00000,0x00000007811d2a68,0x0000000783a00000)
  from space 8192K, 99% used [0x0000000784200000,0x00000007849fea98,0x0000000784a00000)
  to   space 8192K, 0% used [0x0000000783a00000,0x0000000783a00000,0x0000000784200000)
 ParOldGen       total 91136K, used 9831K [0x0000000701e00000, 0x0000000707700000, 0x0000000780a00000)
  object space 91136K, 10% used [0x0000000701e00000,0x0000000702799de0,0x0000000707700000)
 Metaspace       used 20785K, capacity 21208K, committed 21248K, reserved 1069056K
  class space    used 2436K, capacity 2556K, committed 2560K, reserved 1048576K
Event: 1.716 GC heap after
Heap after GC invocations=4 (full 1):
 PSYoungGen      total 57344K, used 5619K [0x0000000780a00000, 0x0000000785980000, 0x00000007c0000000)
  eden space 49152K, 0% used [0x0000000780a00000,0x0000000780a00000,0x0000000783a00000)
  from space 8192K, 68% used [0x0000000783a00000,0x0000000783f7cf30,0x0000000784200000)
  to   space 8192K, 0% used [0x0000000784200000,0x0000000784200000,0x0000000784a00000)
 ParOldGen       total 91136K, used 9839K [0x0000000701e00000, 0x0000000707700000, 0x0000000780a00000)
  object space 91136K, 10% used [0x0000000701e00000,0x000000070279bde0,0x0000000707700000)
 Metaspace       used 20785K, capacity 21208K, committed 21248K, reserved 1069056K
  class space    used 2436K, capacity 2556K, committed 2560K, reserved 1048576K
}
Event: 1.716 GC heap before
{Heap before GC invocations=5 (full 2):
 PSYoungGen      total 57344K, used 5619K [0x0000000780a00000, 0x0000000785980000, 0x00000007c0000000)
  eden space 49152K, 0% used [0x0000000780a00000,0x0000000780a00000,0x0000000783a00000)
  from space 8192K, 68% used [0x0000000783a00000,0x0000000783f7cf30,0x0000000784200000)
  to   space 8192K, 0% used [0x0000000784200000,0x0000000784200000,0x0000000784a00000)
 ParOldGen       total 91136K, used 9839K [0x0000000701e00000, 0x0000000707700000, 0x0000000780a00000)
  object space 91136K, 10% used [0x0000000701e00000,0x000000070279bde0,0x0000000707700000)
 Metaspace       used 20785K, capacity 21208K, committed 21248K, reserved 1069056K
  class space    used 2436K, capacity 2556K, committed 2560K, reserved 1048576K
Event: 1.746 GC heap after
Heap after GC invocations=5 (full 2):
 PSYoungGen      total 57344K, used 0K [0x0000000780a00000, 0x0000000785980000, 0x00000007c0000000)
  eden space 49152K, 0% used [0x0000000780a00000,0x0000000780a00000,0x0000000783a00000)
  from space 8192K, 0% used [0x0000000783a00000,0x0000000783a00000,0x0000000784200000)
  to   space 8192K, 0% used [0x0000000784200000,0x0000000784200000,0x0000000784a00000)
 ParOldGen       total 91136K, used 7155K [0x0000000701e00000, 0x0000000707700000, 0x0000000780a00000)
  object space 91136K, 7% used [0x0000000701e00000,0x00000007024fcce8,0x0000000707700000)
 Metaspace       used 20785K, capacity 21208K, committed 21248K, reserved 1069056K
  class space    used 2436K, capacity 2556K, committed 2560K, reserved 1048576K
}

