# JRE version: OpenJDK Runtime Environment (8.0_242-b01) (build 1.8.0_242-release-1644-b01)
# Java VM: OpenJDK 64-Bit Server VM (25.242-b01 mixed mode windows-amd64 compressed oops)
Heap:
 PSYoungGen      total 57344K, used 8970K [0x0000000780a00000, 0x0000000785a80000, 0x00000007c0000000)
  eden space 49152K, 18% used [0x0000000780a00000,0x00000007812c28e8,0x0000000783a00000)
  from space 8192K, 0% used [0x0000000783a00000,0x0000000783a00000,0x0000000784200000)
  to   space 8192K, 0% used [0x0000000784200000,0x0000000784200000,0x0000000784a00000)
 ParOldGen       total 89088K, used 7119K [0x0000000701e00000, 0x0000000707500000, 0x0000000780a00000)
  object space 89088K, 7% used [0x0000000701e00000,0x00000007024f3cf8,0x0000000707500000)
 Metaspace       used 21875K, capacity 22404K, committed 22528K, reserved 1071104K
  class space    used 2580K, capacity 2732K, committed 2816K, reserved 1048576K
GC Heap History (10 events):
Event: 0.662 GC heap before
{Heap before GC invocations=1 (full 0):
 PSYoungGen      total 57344K, used 29314K [0x0000000780a00000, 0x0000000784a00000, 0x00000007c0000000)
  eden space 49152K, 59% used [0x0000000780a00000,0x00000007826a0978,0x0000000783a00000)
  from space 8192K, 0% used [0x0000000784200000,0x0000000784200000,0x0000000784a00000)
  to   space 8192K, 0% used [0x0000000783a00000,0x0000000783a00000,0x0000000784200000)
 ParOldGen       total 131072K, used 0K [0x0000000701e00000, 0x0000000709e00000, 0x0000000780a00000)
  object space 131072K, 0% used [0x0000000701e00000,0x0000000701e00000,0x0000000709e00000)
 Metaspace       used 9617K, capacity 9740K, committed 9856K, reserved 1062912K
  class space    used 1002K, capacity 1084K, committed 1152K, reserved 1048576K
Event: 0.668 GC heap after
Heap after GC invocations=1 (full 0):
 PSYoungGen      total 57344K, used 6505K [0x0000000780a00000, 0x0000000784a00000, 0x00000007c0000000)
  eden space 49152K, 0% used [0x0000000780a00000,0x0000000780a00000,0x0000000783a00000)
  from space 8192K, 79% used [0x0000000783a00000,0x000000078405a478,0x0000000784200000)
  to   space 8192K, 0% used [0x0000000784200000,0x0000000784200000,0x0000000784a00000)
 ParOldGen       total 131072K, used 16K [0x0000000701e00000, 0x0000000709e00000, 0x0000000780a00000)
  object space 131072K, 0% used [0x0000000701e00000,0x0000000701e04000,0x0000000709e00000)
 Metaspace       used 9617K, capacity 9740K, committed 9856K, reserved 1062912K
  class space    used 1002K, capacity 1084K, committed 1152K, reserved 1048576K
}
Event: 0.668 GC heap before
{Heap before GC invocations=2 (full 1):
 PSYoungGen      total 57344K, used 6505K [0x0000000780a00000, 0x0000000784a00000, 0x00000007c0000000)
  eden space 49152K, 0% used [0x0000000780a00000,0x0000000780a00000,0x0000000783a00000)
  from space 8192K, 79% used [0x0000000783a00000,0x000000078405a478,0x0000000784200000)
  to   space 8192K, 0% used [0x0000000784200000,0x0000000784200000,0x0000000784a00000)
 ParOldGen       total 131072K, used 16K [0x0000000701e00000, 0x0000000709e00000, 0x0000000780a00000)
  object space 131072K, 0% used [0x0000000701e00000,0x0000000701e04000,0x0000000709e00000)
 Metaspace       used 9617K, capacity 9740K, committed 9856K, reserved 1062912K
  class space    used 1002K, capacity 1084K, committed 1152K, reserved 1048576K
Event: 0.681 GC heap after
Heap after GC invocations=2 (full 1):
 PSYoungGen      total 57344K, used 0K [0x0000000780a00000, 0x0000000784a00000, 0x00000007c0000000)
  eden space 49152K, 0% used [0x0000000780a00000,0x0000000780a00000,0x0000000783a00000)
  from space 8192K, 0% used [0x0000000783a00000,0x0000000783a00000,0x0000000784200000)
  to   space 8192K, 0% used [0x0000000784200000,0x0000000784200000,0x0000000784a00000)
 ParOldGen       total 89088K, used 6118K [0x0000000701e00000, 0x0000000707500000, 0x0000000780a00000)
  object space 89088K, 6% used [0x0000000701e00000,0x00000007023f98e0,0x0000000707500000)
 Metaspace       used 9617K, capacity 9740K, committed 9856K, reserved 1060864K
  class space    used 1002K, capacity 1084K, committed 1152K, reserved 1048576K
}
Event: 1.711 GC heap before
{Heap before GC invocations=3 (full 1):
 PSYoungGen      total 57344K, used 49152K [0x0000000780a00000, 0x0000000784a00000, 0x00000007c0000000)
  eden space 49152K, 100% used [0x0000000780a00000,0x0000000783a00000,0x0000000783a00000)
  from space 8192K, 0% used [0x0000000783a00000,0x0000000783a00000,0x0000000784200000)
  to   space 8192K, 0% used [0x0000000784200000,0x0000000784200000,0x0000000784a00000)
 ParOldGen       total 89088K, used 6118K [0x0000000701e00000, 0x0000000707500000, 0x0000000780a00000)
  object space 89088K, 6% used [0x0000000701e00000,0x00000007023f98e0,0x0000000707500000)
 Metaspace       used 18991K, capacity 19364K, committed 19584K, reserved 1069056K
  class space    used 2200K, capacity 2324K, committed 2432K, reserved 1048576K
Event: 1.723 GC heap after
Heap after GC invocations=3 (full 1):
 PSYoungGen      total 57344K, used 8162K [0x0000000780a00000, 0x0000000785a80000, 0x00000007c0000000)
  eden space 49152K, 0% used [0x0000000780a00000,0x0000000780a00000,0x0000000783a00000)
  from space 8192K, 99% used [0x0000000784200000,0x00000007849f8be0,0x0000000784a00000)
  to   space 8192K, 0% used [0x0000000783a00000,0x0000000783a00000,0x0000000784200000)
 ParOldGen       total 89088K, used 9844K [0x0000000701e00000, 0x0000000707500000, 0x0000000780a00000)
  object space 89088K, 11% used [0x0000000701e00000,0x000000070279d298,0x0000000707500000)
 Metaspace       used 18991K, capacity 19364K, committed 19584K, reserved 1069056K
  class space    used 2200K, capacity 2324K, committed 2432K, reserved 1048576K
}
Event: 1.883 GC heap before
{Heap before GC invocations=4 (full 1):
 PSYoungGen      total 57344K, used 15211K [0x0000000780a00000, 0x0000000785a80000, 0x00000007c0000000)
  eden space 49152K, 14% used [0x0000000780a00000,0x00000007810e2398,0x0000000783a00000)
  from space 8192K, 99% used [0x0000000784200000,0x00000007849f8be0,0x0000000784a00000)
  to   space 8192K, 0% used [0x0000000783a00000,0x0000000783a00000,0x0000000784200000)
 ParOldGen       total 89088K, used 9844K [0x0000000701e00000, 0x0000000707500000, 0x0000000780a00000)
  object space 89088K, 11% used [0x0000000701e00000,0x000000070279d298,0x0000000707500000)
 Metaspace       used 20790K, capacity 21198K, committed 21248K, reserved 1069056K
  class space    used 2432K, capacity 2555K, committed 2560K, reserved 1048576K
Event: 1.889 GC heap after
Heap after GC invocations=4 (full 1):
 PSYoungGen      total 57344K, used 5591K [0x0000000780a00000, 0x0000000785a80000, 0x00000007c0000000)
  eden space 49152K, 0% used [0x0000000780a00000,0x0000000780a00000,0x0000000783a00000)
  from space 8192K, 68% used [0x0000000783a00000,0x0000000783f75f30,0x0000000784200000)
  to   space 8192K, 0% used [0x0000000784200000,0x0000000784200000,0x0000000784a00000)
 ParOldGen       total 89088K, used 9852K [0x0000000701e00000, 0x0000000707500000, 0x0000000780a00000)
  object space 89088K, 11% used [0x0000000701e00000,0x000000070279f298,0x0000000707500000)
 Metaspace       used 20790K, capacity 21198K, committed 21248K, reserved 1069056K
  class space    used 2432K, capacity 2555K, committed 2560K, reserved 1048576K
}
Event: 1.889 GC heap before
{Heap before GC invocations=5 (full 2):
 PSYoungGen      total 57344K, used 5591K [0x0000000780a00000, 0x0000000785a80000, 0x00000007c0000000)
  eden space 49152K, 0% used [0x0000000780a00000,0x0000000780a00000,0x0000000783a00000)
  from space 8192K, 68% used [0x0000000783a00000,0x0000000783f75f30,0x0000000784200000)
  to   space 8192K, 0% used [0x0000000784200000,0x0000000784200000,0x0000000784a00000)
 ParOldGen       total 89088K, used 9852K [0x0000000701e00000, 0x0000000707500000, 0x0000000780a00000)
  object space 89088K, 11% used [0x0000000701e00000,0x000000070279f298,0x0000000707500000)
 Metaspace       used 20790K, capacity 21198K, committed 21248K, reserved 1069056K
  class space    used 2432K, capacity 2555K, committed 2560K, reserved 1048576K
Event: 1.927 GC heap after
Heap after GC invocations=5 (full 2):
 PSYoungGen      total 57344K, used 0K [0x0000000780a00000, 0x0000000785a80000, 0x00000007c0000000)
  eden space 49152K, 0% used [0x0000000780a00000,0x0000000780a00000,0x0000000783a00000)
  from space 8192K, 0% used [0x0000000783a00000,0x0000000783a00000,0x0000000784200000)
  to   space 8192K, 0% used [0x0000000784200000,0x0000000784200000,0x0000000784a00000)
 ParOldGen       total 89088K, used 7119K [0x0000000701e00000, 0x0000000707500000, 0x0000000780a00000)
  object space 89088K, 7% used [0x0000000701e00000,0x00000007024f3cf8,0x0000000707500000)
 Metaspace       used 20790K, capacity 21198K, committed 21248K, reserved 1069056K
  class space    used 2432K, capacity 2555K, committed 2560K, reserved 1048576K
}

